<test-run id="2" testcasecount="0" result="Passed" start-time="2026-01-26 14:41:25.266950" end-time="2026-01-26 14:41:26.306348" duration="1" total="0" passed="0" failed="0" inconclusive="0" skipped="0" asserts="0" clr-version="3.11.9 (tags/v3.11.9:de54cf5, Apr  2 2024, 10:12:12) [MSC v.1938 64 bit (AMD64)]" engine-version="3.6.2"><command-line>C:\Users\tromerorodri\.virtualenvs\UploadFile-2ptiERIB\Lib\site-packages\pytest\__main__.py -p vscode_pytest --collect-only tests --rootdir=c:\Proyectos\LakeHouse.CustomAIGatewayPolicies</command-line><filter><test re="0">tests</test></filter><test-suite id="tests/unit/test_endpoint.py::TestEndpoint" name="tests/unit/test_endpoint.py::TestEndpoint" fullname="tests/unit/test_endpoint.py::TestEndpoint" methodname="" classname="" runstate="Runnable" type="Assembly" testcasecount="0" result="Passed" label="" start-time="0001-01-01 00:00:00.000000" end-time="0001-01-01 00:00:00.000000" duration="0.0" asserts="0" total="0" passed="0" failed="0" warnings="0" inconclusive="0" skipped="0"><properties><property name="python_version" value="3.11.9 (tags/v3.11.9:de54cf5, Apr  2 2024, 10:12:12) [MSC v.1938 64 bit (AMD64)]" /></properties><environment framework-version="3.6.2" clr-version="3.11.9 (tags/v3.11.9:de54cf5, Apr  2 2024, 10:12:12) [MSC v.1938 64 bit (AMD64)]" os-version="10" platform="Windows" cwd="c:\Proyectos\LakeHouse.CustomAIGatewayPolicies" machine-name="AMD64" user="" user-domain="" culture="es_ES" uiculture="es_ES" os-architecture="64bit" /></test-suite><test-suite id="tests/unit/test_databricks_endpoint_repository.py::TestDatabricksEndpointRepository" name="tests/unit/test_databricks_endpoint_repository.py::TestDatabricksEndpointRepository" fullname="tests/unit/test_databricks_endpoint_repository.py::TestDatabricksEndpointRepository" methodname="" classname="" runstate="Runnable" type="Assembly" testcasecount="0" result="Passed" label="" start-time="0001-01-01 00:00:00.000000" end-time="0001-01-01 00:00:00.000000" duration="0.0" asserts="0" total="0" passed="0" failed="0" warnings="0" inconclusive="0" skipped="0"><properties><property name="python_version" value="3.11.9 (tags/v3.11.9:de54cf5, Apr  2 2024, 10:12:12) [MSC v.1938 64 bit (AMD64)]" /></properties><environment framework-version="3.6.2" clr-version="3.11.9 (tags/v3.11.9:de54cf5, Apr  2 2024, 10:12:12) [MSC v.1938 64 bit (AMD64)]" os-version="10" platform="Windows" cwd="c:\Proyectos\LakeHouse.CustomAIGatewayPolicies" machine-name="AMD64" user="" user-domain="" culture="es_ES" uiculture="es_ES" os-architecture="64bit" /></test-suite><test-suite id="tests/unit/test_policy.py::TestPolicy" name="tests/unit/test_policy.py::TestPolicy" fullname="tests/unit/test_policy.py::TestPolicy" methodname="" classname="" runstate="Runnable" type="Assembly" testcasecount="0" result="Passed" label="" start-time="0001-01-01 00:00:00.000000" end-time="0001-01-01 00:00:00.000000" duration="0.0" asserts="0" total="0" passed="0" failed="0" warnings="0" inconclusive="0" skipped="0"><properties><property name="python_version" value="3.11.9 (tags/v3.11.9:de54cf5, Apr  2 2024, 10:12:12) [MSC v.1938 64 bit (AMD64)]" /></properties><environment framework-version="3.6.2" clr-version="3.11.9 (tags/v3.11.9:de54cf5, Apr  2 2024, 10:12:12) [MSC v.1938 64 bit (AMD64)]" os-version="10" platform="Windows" cwd="c:\Proyectos\LakeHouse.CustomAIGatewayPolicies" machine-name="AMD64" user="" user-domain="" culture="es_ES" uiculture="es_ES" os-architecture="64bit" /></test-suite><test-suite id="tests/unit/test_apply_policies.py::TestApplyPoliciesUseCase" name="tests/unit/test_apply_policies.py::TestApplyPoliciesUseCase" fullname="tests/unit/test_apply_policies.py::TestApplyPoliciesUseCase" methodname="" classname="" runstate="Runnable" type="Assembly" testcasecount="0" result="Passed" label="" start-time="0001-01-01 00:00:00.000000" end-time="0001-01-01 00:00:00.000000" duration="0.0" asserts="0" total="0" passed="0" failed="0" warnings="0" inconclusive="0" skipped="0"><properties><property name="python_version" value="3.11.9 (tags/v3.11.9:de54cf5, Apr  2 2024, 10:12:12) [MSC v.1938 64 bit (AMD64)]" /></properties><environment framework-version="3.6.2" clr-version="3.11.9 (tags/v3.11.9:de54cf5, Apr  2 2024, 10:12:12) [MSC v.1938 64 bit (AMD64)]" os-version="10" platform="Windows" cwd="c:\Proyectos\LakeHouse.CustomAIGatewayPolicies" machine-name="AMD64" user="" user-domain="" culture="es_ES" uiculture="es_ES" os-architecture="64bit" /></test-suite><test-suite id="tests/test_basic.py::TestBasicFunctionality" name="tests/test_basic.py::TestBasicFunctionality" fullname="tests/test_basic.py::TestBasicFunctionality" methodname="" classname="" runstate="Runnable" type="Assembly" testcasecount="0" result="Passed" label="" start-time="0001-01-01 00:00:00.000000" end-time="0001-01-01 00:00:00.000000" duration="0.0" asserts="0" total="0" passed="0" failed="0" warnings="0" inconclusive="0" skipped="0"><properties><property name="python_version" value="3.11.9 (tags/v3.11.9:de54cf5, Apr  2 2024, 10:12:12) [MSC v.1938 64 bit (AMD64)]" /></properties><environment framework-version="3.6.2" clr-version="3.11.9 (tags/v3.11.9:de54cf5, Apr  2 2024, 10:12:12) [MSC v.1938 64 bit (AMD64)]" os-version="10" platform="Windows" cwd="c:\Proyectos\LakeHouse.CustomAIGatewayPolicies" machine-name="AMD64" user="" user-domain="" culture="es_ES" uiculture="es_ES" os-architecture="64bit" /></test-suite><test-suite id="tests/unit/test_cli_handler.py::TestCliHandler" name="tests/unit/test_cli_handler.py::TestCliHandler" fullname="tests/unit/test_cli_handler.py::TestCliHandler" methodname="" classname="" runstate="Runnable" type="Assembly" testcasecount="0" result="Passed" label="" start-time="0001-01-01 00:00:00.000000" end-time="0001-01-01 00:00:00.000000" duration="0.0" asserts="0" total="0" passed="0" failed="0" warnings="0" inconclusive="0" skipped="0"><properties><property name="python_version" value="3.11.9 (tags/v3.11.9:de54cf5, Apr  2 2024, 10:12:12) [MSC v.1938 64 bit (AMD64)]" /></properties><environment framework-version="3.6.2" clr-version="3.11.9 (tags/v3.11.9:de54cf5, Apr  2 2024, 10:12:12) [MSC v.1938 64 bit (AMD64)]" os-version="10" platform="Windows" cwd="c:\Proyectos\LakeHouse.CustomAIGatewayPolicies" machine-name="AMD64" user="" user-domain="" culture="es_ES" uiculture="es_ES" os-architecture="64bit" /></test-suite></test-run>